  buffmanage.cpp
c:\users\alan\desktop\databases\msql\msql\buffmanage.cpp(28): warning C4018: '<': signed/unsigned mismatch
c:\users\alan\desktop\databases\msql\msql\buffmanage.cpp(42): warning C4018: '<': signed/unsigned mismatch
c:\users\alan\desktop\databases\msql\msql\buffmanage.cpp(16): warning C4996: 'fopen': This function or variable may be unsafe. Consider using fopen_s instead. To disable deprecation, use _CRT_SECURE_NO_WARNINGS. See online help for details.
  c:\program files (x86)\windows kits\10\include\10.0.14393.0\ucrt\stdio.h(207): note: see declaration of 'fopen'
c:\users\alan\desktop\databases\msql\msql\buffmanage.cpp(85): warning C4996: 'fopen': This function or variable may be unsafe. Consider using fopen_s instead. To disable deprecation, use _CRT_SECURE_NO_WARNINGS. See online help for details.
  c:\program files (x86)\windows kits\10\include\10.0.14393.0\ucrt\stdio.h(207): note: see declaration of 'fopen'
c:\users\alan\desktop\databases\msql\msql\buffmanage.cpp(115): warning C4996: 'fopen': This function or variable may be unsafe. Consider using fopen_s instead. To disable deprecation, use _CRT_SECURE_NO_WARNINGS. See online help for details.
  c:\program files (x86)\windows kits\10\include\10.0.14393.0\ucrt\stdio.h(207): note: see declaration of 'fopen'
c:\users\alan\desktop\databases\msql\msql\buffmanage.cpp(149): warning C4996: 'fopen': This function or variable may be unsafe. Consider using fopen_s instead. To disable deprecation, use _CRT_SECURE_NO_WARNINGS. See online help for details.
  c:\program files (x86)\windows kits\10\include\10.0.14393.0\ucrt\stdio.h(207): note: see declaration of 'fopen'
c:\users\alan\desktop\databases\msql\msql\buffmanage.cpp(334): warning C4996: 'fopen': This function or variable may be unsafe. Consider using fopen_s instead. To disable deprecation, use _CRT_SECURE_NO_WARNINGS. See online help for details.
  c:\program files (x86)\windows kits\10\include\10.0.14393.0\ucrt\stdio.h(207): note: see declaration of 'fopen'
  Generating Code...
  Compiling...
  recordManage.cpp
c:\users\alan\desktop\databases\msql\msql\recordmanage.cpp(90): warning C4018: '<': signed/unsigned mismatch
c:\users\alan\desktop\databases\msql\msql\recordmanage.cpp(117): warning C4018: '<': signed/unsigned mismatch
c:\users\alan\desktop\databases\msql\msql\recordmanage.cpp(140): warning C4018: '<': signed/unsigned mismatch
c:\users\alan\desktop\databases\msql\msql\recordmanage.cpp(174): warning C4018: '<': signed/unsigned mismatch
c:\users\alan\desktop\databases\msql\msql\recordmanage.cpp(179): warning C4018: '<': signed/unsigned mismatch
c:\users\alan\desktop\databases\msql\msql\recordmanage.cpp(194): warning C4018: '<': signed/unsigned mismatch
c:\users\alan\desktop\databases\msql\msql\recordmanage.cpp(212): warning C4018: '<': signed/unsigned mismatch
c:\users\alan\desktop\databases\msql\msql\recordmanage.cpp(229): warning C4018: '<': signed/unsigned mismatch
c:\users\alan\desktop\databases\msql\msql\recordmanage.cpp(273): warning C4018: '<': signed/unsigned mismatch
c:\users\alan\desktop\databases\msql\msql\recordmanage.cpp(232): warning C4101: 'buf': unreferenced local variable
c:\users\alan\desktop\databases\msql\msql\recordmanage.cpp(353): warning C4018: '<': signed/unsigned mismatch
c:\users\alan\desktop\databases\msql\msql\recordmanage.cpp(448): warning C4018: '<': signed/unsigned mismatch
c:\users\alan\desktop\databases\msql\msql\recordmanage.cpp(495): warning C4018: '<': signed/unsigned mismatch
c:\users\alan\desktop\databases\msql\msql\recordmanage.cpp(573): warning C4018: '<': signed/unsigned mismatch
c:\users\alan\desktop\databases\msql\msql\recordmanage.cpp(779): warning C4018: '<': signed/unsigned mismatch
c:\users\alan\desktop\databases\msql\msql\recordmanage.cpp(846): warning C4018: '<': signed/unsigned mismatch
  msql.cpp
  catalog.cpp
c:\users\alan\desktop\databases\msql\msql\catalog.cpp(124): warning C4018: '<': signed/unsigned mismatch
c:\users\alan\desktop\databases\msql\msql\catalog.cpp(129): warning C4018: '<': signed/unsigned mismatch
c:\users\alan\desktop\databases\msql\msql\catalog.cpp(262): warning C4018: '<': signed/unsigned mismatch
c:\users\alan\desktop\databases\msql\msql\catalog.cpp(316): warning C4305: 'return': truncation from 'int' to 'bool'
c:\users\alan\desktop\databases\msql\msql\catalog.cpp(330): warning C4305: 'return': truncation from 'int' to 'bool'
  bplus_trees.cpp
c:\users\alan\desktop\databases\msql\msql\bplus_trees.cpp(23): warning C4244: '=': conversion from 'double' to 'int', possible loss of data
c:\users\alan\desktop\databases\msql\msql\bplus_trees.cpp(26): warning C4244: '=': conversion from 'double' to 'int', possible loss of data
c:\users\alan\desktop\databases\msql\msql\bplus_trees.cpp(100): warning C4244: 'initializing': conversion from 'double' to 'int', possible loss of data
c:\users\alan\desktop\databases\msql\msql\bplus_trees.cpp(280): warning C4244: 'initializing': conversion from 'double' to 'int', possible loss of data
c:\users\alan\desktop\databases\msql\msql\bplus_trees.cpp(421): warning C4244: 'initializing': conversion from 'double' to 'int', possible loss of data
c:\users\alan\desktop\databases\msql\msql\bplus_trees.cpp(469): warning C4244: 'initializing': conversion from 'double' to 'int', possible loss of data
c:\users\alan\desktop\databases\msql\msql\bplus_trees.cpp(551): warning C4553: '==': operator has no effect; did you intend '='?
c:\users\alan\desktop\databases\msql\msql\bplus_trees.cpp(592): warning C4244: 'initializing': conversion from 'double' to 'int', possible loss of data
c:\users\alan\desktop\databases\msql\msql\bplus_trees.cpp(641): warning C4244: 'initializing': conversion from 'double' to 'int', possible loss of data
  basicdata.cpp
  Interpreter.cpp
c:\users\alan\desktop\databases\msql\msql\interpreter.cpp(68): warning C4018: '<': signed/unsigned mismatch
c:\users\alan\desktop\databases\msql\msql\interpreter.cpp(72): warning C4553: '==': operator has no effect; did you intend '='?
c:\users\alan\desktop\databases\msql\msql\interpreter.cpp(229): warning C4018: '<': signed/unsigned mismatch
  API.cpp
c:\users\alan\desktop\databases\msql\msql\api.cpp(16): warning C4018: '<': signed/unsigned mismatch
c:\users\alan\desktop\databases\msql\msql\api.cpp(47): warning C4018: '<': signed/unsigned mismatch
c:\users\alan\desktop\databases\msql\msql\api.cpp(153): warning C4244: '=': conversion from 'double' to 'float', possible loss of data
  Generating Code...
c:\users\alan\desktop\databases\msql\msql\basicdata.cpp(12): warning C4715: 'changetype': not all control paths return a value
c:\users\alan\desktop\databases\msql\msql\bplus_trees.cpp(861): warning C4715: 'btree::bsearch': not all control paths return a value
c:\users\alan\desktop\databases\msql\msql\bplus_trees.cpp(979): warning C4715: 'btree::searchbetween': not all control paths return a value
c:\users\alan\desktop\databases\msql\msql\bplus_trees.cpp(1107): warning C4715: 'btree::searchbiggerequalthan': not all control paths return a value
c:\users\alan\desktop\databases\msql\msql\bplus_trees.cpp(1043): warning C4715: 'btree::searchbiggerthan': not all control paths return a value
c:\users\alan\desktop\databases\msql\msql\bplus_trees.cpp(1153): warning C4715: 'btree::searchlessthan': not all control paths return a value
c:\users\alan\desktop\databases\msql\msql\bplus_trees.cpp(1199): warning C4715: 'btree::searchlessequalthan': not all control paths return a value
c:\users\alan\desktop\databases\msql\msql\recordmanage.cpp(701): warning C4715: 'RecordManager::SelectRecordEachBlock': not all control paths return a value
c:\users\alan\desktop\databases\msql\msql\recordmanage.cpp(812): warning C4715: 'RecordManager::GetTypeSize': not all control paths return a value
c:\users\alan\desktop\databases\msql\msql\recordmanage.cpp(827): warning C4715: 'RecordManager::ContentSatisfied': not all control paths return a value
  Compiling...
  Condition.cpp
  Generating Code...
  msql.vcxproj -> C:\Users\Alan\Desktop\databases\msql\Debug\msql.exe
  msql.vcxproj -> C:\Users\Alan\Desktop\databases\msql\Debug\msql.pdb (Partial PDB)
